This is pdfTeX, Version 3.14159265-2.6-1.40.19 (MiKTeX 2.9.6840 64-bit) (preloaded format=pdflatex 2018.10.24)  25 MAR 2019 13:56
entering extended mode
**./Abschlusspaper.tex
(Abschlusspaper.tex
LaTeX2e <2018-04-01> patch level 5
(vgtc.cls
Document Class: vgtc 2010/03/03 VIS Hauptseminar, University of Stuttgart
("C:\Program Files\MiKTeX 2.9\tex\latex\base\article.cls"
Document Class: article 2014/09/29 v1.4h Standard LaTeX document class
("C:\Program Files\MiKTeX 2.9\tex\latex\base\size10.clo"
File: size10.clo 2014/09/29 v1.4h Standard LaTeX file (size option)
)
\c@part=\count80
\c@section=\count81
\c@subsection=\count82
\c@subsubsection=\count83
\c@paragraph=\count84
\c@subparagraph=\count85
\c@figure=\count86
\c@table=\count87
\abovecaptionskip=\skip41
\belowcaptionskip=\skip42
\bibindent=\dimen102
) ("C:\Program Files\MiKTeX 2.9\tex\latex\base\inputenc.sty"
Package: inputenc 2018/04/06 v1.3b Input encoding file
\inpenc@prehook=\toks14
\inpenc@posthook=\toks15

("C:\Program Files\MiKTeX 2.9\tex\latex\base\latin1.def"
File: latin1.def 2018/04/06 v1.3b Input encoding file
)) ("C:\Program Files\MiKTeX 2.9\tex\latex\base\fontenc.sty"
Package: fontenc 2017/04/05 v2.0i Standard LaTeX package

("C:\Program Files\MiKTeX 2.9\tex\latex\base\t1enc.def"
File: t1enc.def 2017/04/05 v2.0i Standard LaTeX file
LaTeX Font Info:    Redeclaring font encoding T1 on input line 48.
))
(C:\Users\sellendk\AppData\Roaming\MiKTeX\2.9\tex\generic\german\ngerman.sty v2.5e 1998-07-08
Package: ngerman 1998/07/08 v2.5e Support for writing german texts (br)
\grmnU@D=\dimen103
ngerman -- \language number for naustrian undefined, default 45 used.
)
\captionmargin=\skip43
\bibindent=\dimen104
\bibspacing=\dimen105
\titlespace=\skip44
\teaserspace=\skip45
\abstxtspace=\skip46
\vgtc@copyrightlength=\skip47
) (hs-vis_ws1819.sty)
(C:\Users\sellendk\AppData\Roaming\MiKTeX\2.9\tex\latex\url\url.sty
\Urlmuskip=\muskip10
Package: url 2013/09/16  ver 3.4  Verb mode for urls, etc.
)
("C:\Program Files\MiKTeX 2.9\tex\latex\psnfss\mathptmx.sty"
Package: mathptmx 2005/04/12 PSNFSS-v9.2a Times w/ Math, improved (SPQR, WaS) 
LaTeX Font Info:    Redeclaring symbol font `operators' on input line 28.
LaTeX Font Info:    Overwriting symbol font `operators' in version `normal'
(Font)                  OT1/cmr/m/n --> OT1/ztmcm/m/n on input line 28.
LaTeX Font Info:    Overwriting symbol font `operators' in version `bold'
(Font)                  OT1/cmr/bx/n --> OT1/ztmcm/m/n on input line 28.
LaTeX Font Info:    Redeclaring symbol font `letters' on input line 29.
LaTeX Font Info:    Overwriting symbol font `letters' in version `normal'
(Font)                  OML/cmm/m/it --> OML/ztmcm/m/it on input line 29.
LaTeX Font Info:    Overwriting symbol font `letters' in version `bold'
(Font)                  OML/cmm/b/it --> OML/ztmcm/m/it on input line 29.
LaTeX Font Info:    Redeclaring symbol font `symbols' on input line 30.
LaTeX Font Info:    Overwriting symbol font `symbols' in version `normal'
(Font)                  OMS/cmsy/m/n --> OMS/ztmcm/m/n on input line 30.
LaTeX Font Info:    Overwriting symbol font `symbols' in version `bold'
(Font)                  OMS/cmsy/b/n --> OMS/ztmcm/m/n on input line 30.
LaTeX Font Info:    Redeclaring symbol font `largesymbols' on input line 31.
LaTeX Font Info:    Overwriting symbol font `largesymbols' in version `normal'
(Font)                  OMX/cmex/m/n --> OMX/ztmcm/m/n on input line 31.
LaTeX Font Info:    Overwriting symbol font `largesymbols' in version `bold'
(Font)                  OMX/cmex/m/n --> OMX/ztmcm/m/n on input line 31.
\symbold=\mathgroup4
\symitalic=\mathgroup5
LaTeX Font Info:    Redeclaring math alphabet \mathbf on input line 34.
LaTeX Font Info:    Overwriting math alphabet `\mathbf' in version `normal'
(Font)                  OT1/cmr/bx/n --> OT1/ptm/bx/n on input line 34.
LaTeX Font Info:    Overwriting math alphabet `\mathbf' in version `bold'
(Font)                  OT1/cmr/bx/n --> OT1/ptm/bx/n on input line 34.
LaTeX Font Info:    Redeclaring math alphabet \mathit on input line 35.
LaTeX Font Info:    Overwriting math alphabet `\mathit' in version `normal'
(Font)                  OT1/cmr/m/it --> OT1/ptm/m/it on input line 35.
LaTeX Font Info:    Overwriting math alphabet `\mathit' in version `bold'
(Font)                  OT1/cmr/bx/it --> OT1/ptm/m/it on input line 35.
LaTeX Info: Redefining \hbar on input line 50.
)
("C:\Program Files\MiKTeX 2.9\tex\latex\graphics\graphicx.sty"
Package: graphicx 2017/06/01 v1.1a Enhanced LaTeX Graphics (DPC,SPQR)

("C:\Program Files\MiKTeX 2.9\tex\latex\graphics\keyval.sty"
Package: keyval 2014/10/28 v1.15 key=value parser (DPC)
\KV@toks@=\toks16
)
("C:\Program Files\MiKTeX 2.9\tex\latex\graphics\graphics.sty"
Package: graphics 2017/06/25 v1.2c Standard LaTeX Graphics (DPC,SPQR)
 ("C:\Program Files\MiKTeX 2.9\tex\latex\graphics\trig.sty"
Package: trig 2016/01/03 v1.10 sin cos tan (DPC)
) ("C:\Program Files\MiKTeX 2.9\tex\latex\graphics-cfg\graphics.cfg"
File: graphics.cfg 2016/06/04 v1.11 sample graphics configuration
)
Package graphics Info: Driver file: pdftex.def on input line 99.

("C:\Program Files\MiKTeX 2.9\tex\latex\graphics-def\pdftex.def"
File: pdftex.def 2018/01/08 v1.0l Graphics/color driver for pdftex
))
\Gin@req@height=\dimen106
\Gin@req@width=\dimen107
)
("C:\Program Files\MiKTeX 2.9\tex\latex\psnfss\times.sty"
Package: times 2005/04/12 PSNFSS-v9.2a (SPQR) 
) ("C:\Program Files\MiKTeX 2.9\tex\latex\oberdiek\grffile.sty"
Package: grffile 2017/06/30 v1.18 Extended file name support for graphics (HO)
("C:\Program Files\MiKTeX 2.9\tex\generic\oberdiek\ifpdf.sty"
Package: ifpdf 2018/09/07 v3.3 Provides the ifpdf switch
)
("C:\Program Files\MiKTeX 2.9\tex\generic\ifxetex\ifxetex.sty"
Package: ifxetex 2010/09/12 v0.6 Provides ifxetex conditional
)
("C:\Program Files\MiKTeX 2.9\tex\latex\oberdiek\kvoptions.sty"
Package: kvoptions 2016/05/16 v3.12 Key value format for package options (HO)

("C:\Program Files\MiKTeX 2.9\tex\generic\oberdiek\ltxcmds.sty"
Package: ltxcmds 2016/05/16 v1.23 LaTeX kernel commands for general use (HO)
)
("C:\Program Files\MiKTeX 2.9\tex\generic\oberdiek\kvsetkeys.sty"
Package: kvsetkeys 2016/05/16 v1.17 Key value parser (HO)

("C:\Program Files\MiKTeX 2.9\tex\generic\oberdiek\infwarerr.sty"
Package: infwarerr 2016/05/16 v1.4 Providing info/warning/error messages (HO)
)
("C:\Program Files\MiKTeX 2.9\tex\generic\oberdiek\etexcmds.sty"
Package: etexcmds 2016/05/16 v1.6 Avoid name clashes with e-TeX commands (HO)

("C:\Program Files\MiKTeX 2.9\tex\generic\oberdiek\ifluatex.sty"
Package: ifluatex 2016/05/16 v1.4 Provides the ifluatex switch (HO)
Package ifluatex Info: LuaTeX not detected.
)
Package etexcmds Info: Could not find \expanded.
(etexcmds)             That can mean that you are not using pdfTeX 1.50 or
(etexcmds)             that some package has redefined \expanded.
(etexcmds)             In the latter case, load this package earlier.
)))
("C:\Program Files\MiKTeX 2.9\tex\generic\oberdiek\pdftexcmds.sty"
Package: pdftexcmds 2018/09/10 v0.29 Utility functions of pdfTeX for LuaTeX (HO)
Package pdftexcmds Info: LuaTeX not detected.
Package pdftexcmds Info: \pdf@primitive is available.
Package pdftexcmds Info: \pdf@ifprimitive is available.
Package pdftexcmds Info: \pdfdraftmode found.
)
Package grffile Info: Option `multidot' is set to `true'.
Package grffile Info: Option `extendedchars' is set to `false'.
Package grffile Info: Option `space' is set to `true'.
Package grffile Info: \Gin@ii of package `graphicx' fixed on input line 494.
)
("C:\Program Files\MiKTeX 2.9\tex\latex\hyperref\hyperref.sty"
Package: hyperref 2018/09/30 v6.88a Hypertext links for LaTeX

("C:\Program Files\MiKTeX 2.9\tex\generic\oberdiek\hobsub-hyperref.sty"
Package: hobsub-hyperref 2016/05/16 v1.14 Bundle oberdiek, subset hyperref (HO)

("C:\Program Files\MiKTeX 2.9\tex\generic\oberdiek\hobsub-generic.sty"
Package: hobsub-generic 2016/05/16 v1.14 Bundle oberdiek, subset generic (HO)
Package: hobsub 2016/05/16 v1.14 Construct package bundles (HO)
Package hobsub Info: Skipping package `infwarerr' (already loaded).
Package hobsub Info: Skipping package `ltxcmds' (already loaded).
Package hobsub Info: Skipping package `ifluatex' (already loaded).
Package: ifvtex 2016/05/16 v1.6 Detect VTeX and its facilities (HO)
Package ifvtex Info: VTeX not detected.
Package: intcalc 2016/05/16 v1.2 Expandable calculations with integers (HO)
Package hobsub Info: Skipping package `ifpdf' (already loaded).
Package hobsub Info: Skipping package `etexcmds' (already loaded).
Package hobsub Info: Skipping package `kvsetkeys' (already loaded).
Package: kvdefinekeys 2016/05/16 v1.4 Define keys (HO)
Package hobsub Info: Skipping package `pdftexcmds' (already loaded).
Package: pdfescape 2016/05/16 v1.14 Implements pdfTeX's escape features (HO)
Package: bigintcalc 2016/05/16 v1.4 Expandable calculations on big integers (HO)
Package: bitset 2016/05/16 v1.2 Handle bit-vector datatype (HO)
Package: uniquecounter 2016/05/16 v1.3 Provide unlimited unique counter (HO)
)
Package hobsub Info: Skipping package `hobsub' (already loaded).
Package: letltxmacro 2016/05/16 v1.5 Let assignment for LaTeX macros (HO)
Package: hopatch 2016/05/16 v1.3 Wrapper for package hooks (HO)
Package: xcolor-patch 2016/05/16 xcolor patch
Package: atveryend 2016/05/16 v1.9 Hooks at the very end of document (HO)
Package atveryend Info: \enddocument detected (standard20110627).
Package: atbegshi 2016/06/09 v1.18 At begin shipout hook (HO)
Package: refcount 2016/05/16 v3.5 Data extraction from label references (HO)
Package: hycolor 2016/05/16 v1.8 Color options for hyperref/bookmark (HO)
)
("C:\Program Files\MiKTeX 2.9\tex\latex\oberdiek\auxhook.sty"
Package: auxhook 2016/05/16 v1.4 Hooks for auxiliary files (HO)
)
\@linkdim=\dimen108
\Hy@linkcounter=\count88
\Hy@pagecounter=\count89

("C:\Program Files\MiKTeX 2.9\tex\latex\hyperref\pd1enc.def"
File: pd1enc.def 2018/09/30 v6.88a Hyperref: PDFDocEncoding definition (HO)
Now handling font encoding PD1 ...
... no UTF-8 mapping file for font encoding PD1
)
\Hy@SavedSpaceFactor=\count90

("C:\Program Files\MiKTeX 2.9\tex\latex\00miktex\hyperref.cfg"
File: hyperref.cfg 2002/06/06 v1.2 hyperref configuration of TeXLive
)
Package hyperref Info: Hyper figures OFF on input line 4535.
Package hyperref Info: Link nesting OFF on input line 4540.
Package hyperref Info: Hyper index ON on input line 4543.
Package hyperref Info: Plain pages OFF on input line 4550.
Package hyperref Info: Backreferencing OFF on input line 4555.
Package hyperref Info: Implicit mode ON; LaTeX internals redefined.
Package hyperref Info: Bookmarks ON on input line 4788.
\c@Hy@tempcnt=\count91
LaTeX Info: Redefining \url on input line 5141.
\XeTeXLinkMargin=\dimen109
\Fld@menulength=\count92
\Field@Width=\dimen110
\Fld@charsize=\dimen111
Package hyperref Info: Hyper figures OFF on input line 6396.
Package hyperref Info: Link nesting OFF on input line 6401.
Package hyperref Info: Hyper index ON on input line 6404.
Package hyperref Info: backreferencing OFF on input line 6411.
Package hyperref Info: Link coloring OFF on input line 6416.
Package hyperref Info: Link coloring with OCG OFF on input line 6421.
Package hyperref Info: PDF/A mode OFF on input line 6426.
LaTeX Info: Redefining \ref on input line 6466.
LaTeX Info: Redefining \pageref on input line 6470.
\Hy@abspage=\count93
\c@Item=\count94
\c@Hfootnote=\count95
)
Package hyperref Info: Driver (autodetected): hpdftex.

("C:\Program Files\MiKTeX 2.9\tex\latex\hyperref\hpdftex.def"
File: hpdftex.def 2018/09/30 v6.88a Hyperref driver for pdfTeX
\Fld@listcount=\count96
\c@bookmark@seq@number=\count97

("C:\Program Files\MiKTeX 2.9\tex\latex\oberdiek\rerunfilecheck.sty"
Package: rerunfilecheck 2016/05/16 v1.8 Rerun checks for auxiliary files (HO)
Package uniquecounter Info: New unique counter `rerunfilecheck' on input line 282.
)
\Hy@SectionHShift=\skip48
) (Abschlusspaper.aux)
\openout1 = `Abschlusspaper.aux'.

LaTeX Font Info:    Checking defaults for OML/cmm/m/it on input line 59.
LaTeX Font Info:    ... okay on input line 59.
LaTeX Font Info:    Checking defaults for T1/cmr/m/n on input line 59.
LaTeX Font Info:    ... okay on input line 59.
LaTeX Font Info:    Checking defaults for OT1/cmr/m/n on input line 59.
LaTeX Font Info:    ... okay on input line 59.
LaTeX Font Info:    Checking defaults for OMS/cmsy/m/n on input line 59.
LaTeX Font Info:    ... okay on input line 59.
LaTeX Font Info:    Checking defaults for OMX/cmex/m/n on input line 59.
LaTeX Font Info:    ... okay on input line 59.
LaTeX Font Info:    Checking defaults for U/cmr/m/n on input line 59.
LaTeX Font Info:    ... okay on input line 59.
LaTeX Font Info:    Checking defaults for PD1/pdf/m/n on input line 59.
LaTeX Font Info:    ... okay on input line 59.
LaTeX Font Info:    Try loading font information for T1+ptm on input line 59.

("C:\Program Files\MiKTeX 2.9\tex\latex\psnfss\t1ptm.fd"
File: t1ptm.fd 2001/06/04 font definitions for T1/ptm.
)
\big@size=\dimen112

(C:\Users\sellendk\AppData\Roaming\MiKTeX\2.9\tex\context\base\supp-pdf.mkii
[Loading MPS to PDF converter (version 2006.09.02).]
\scratchcounter=\count98
\scratchdimen=\dimen113
\scratchbox=\box26
\nofMPsegments=\count99
\nofMParguments=\count100
\everyMPshowfont=\toks17
\MPscratchCnt=\count101
\MPscratchDim=\dimen114
\MPnumerator=\count102
\makeMPintoPDFobject=\count103
\everyMPtoPDFconversion=\toks18
) ("C:\Program Files\MiKTeX 2.9\tex\latex\oberdiek\epstopdf-base.sty"
Package: epstopdf-base 2016/05/15 v2.6 Base part for package epstopdf

("C:\Program Files\MiKTeX 2.9\tex\latex\oberdiek\grfext.sty"
Package: grfext 2016/05/16 v1.2 Manage graphics extensions (HO)
)
Package epstopdf-base Info: Redefining graphics rule for `.eps' on input line 438.
Package grfext Info: Graphics extension search list:
(grfext)             [.pdf,.png,.jpg,.mps,.jpeg,.jbig2,.jb2,.PDF,.PNG,.JPG,.JPEG,.JBIG2,.JB2,.eps]
(grfext)             \AppendGraphicsExtensions on input line 456.
)
\AtBeginShipoutBox=\box27
Package hyperref Info: Link coloring OFF on input line 59.

("C:\Program Files\MiKTeX 2.9\tex\latex\hyperref\nameref.sty"
Package: nameref 2016/05/21 v2.44 Cross-referencing by name of section

("C:\Program Files\MiKTeX 2.9\tex\generic\oberdiek\gettitlestring.sty"
Package: gettitlestring 2016/05/16 v1.5 Cleanup title references (HO)
)
\c@section@level=\count104
)
LaTeX Info: Redefining \ref on input line 59.
LaTeX Info: Redefining \pageref on input line 59.
LaTeX Info: Redefining \nameref on input line 59.
 (Abschlusspaper.out) (Abschlusspaper.out)
\@outlinefile=\write3
\openout3 = `Abschlusspaper.out'.

LaTeX Font Info:    Try loading font information for T1+phv on input line 69.

("C:\Program Files\MiKTeX 2.9\tex\latex\psnfss\t1phv.fd"
File: t1phv.fd 2001/06/04 scalable font definitions for T1/phv.
)
LaTeX Font Info:    Try loading font information for OT1+ztmcm on input line 69.
 ("C:\Program Files\MiKTeX 2.9\tex\latex\psnfss\ot1ztmcm.fd"
File: ot1ztmcm.fd 2000/01/03 Fontinst v1.801 font definitions for OT1/ztmcm.
)
LaTeX Font Info:    Try loading font information for OML+ztmcm on input line 69.

("C:\Program Files\MiKTeX 2.9\tex\latex\psnfss\omlztmcm.fd"
File: omlztmcm.fd 2000/01/03 Fontinst v1.801 font definitions for OML/ztmcm.
)
LaTeX Font Info:    Try loading font information for OMS+ztmcm on input line 69.
 ("C:\Program Files\MiKTeX 2.9\tex\latex\psnfss\omsztmcm.fd"
File: omsztmcm.fd 2000/01/03 Fontinst v1.801 font definitions for OMS/ztmcm.
)
LaTeX Font Info:    Try loading font information for OMX+ztmcm on input line 69.
 ("C:\Program Files\MiKTeX 2.9\tex\latex\psnfss\omxztmcm.fd"
File: omxztmcm.fd 2000/01/03 Fontinst v1.801 font definitions for OMX/ztmcm.
)
LaTeX Font Info:    Try loading font information for OT1+ptm on input line 69.
 ("C:\Program Files\MiKTeX 2.9\tex\latex\psnfss\ot1ptm.fd"
File: ot1ptm.fd 2001/06/04 font definitions for OT1/ptm.
)
LaTeX Font Info:    Font shape `OT1/ptm/bx/n' in size <10> not available
(Font)              Font shape `OT1/ptm/b/n' tried instead on input line 69.
LaTeX Font Info:    Font shape `OT1/ptm/bx/n' in size <7.4> not available
(Font)              Font shape `OT1/ptm/b/n' tried instead on input line 69.
LaTeX Font Info:    Font shape `OT1/ptm/bx/n' in size <6> not available
(Font)              Font shape `OT1/ptm/b/n' tried instead on input line 69.
<images/Base1AABB.png, id=35, 1445.4pt x 903.375pt>
File: images/Base1AABB.png Graphic file (type png)
<use images/Base1AABB.png>
Package pdftex.def Info: images/Base1AABB.png  used on input line 69.
(pdftex.def)             Requested size: 251.31898pt x 157.07295pt.
<images/Base1Invert.png, id=36, 1445.4pt x 903.375pt>
File: images/Base1Invert.png Graphic file (type png)
<use images/Base1Invert.png>
Package pdftex.def Info: images/Base1Invert.png  used on input line 69.
(pdftex.def)             Requested size: 251.31898pt x 157.07295pt.
LaTeX Font Info:    Font shape `T1/phv/bx/n' in size <8> not available
(Font)              Font shape `T1/phv/b/n' tried instead on input line 69.
<diamondrule.pdf, id=37, 213.79875pt x 12.045pt>
File: diamondrule.pdf Graphic file (type pdf)
<use diamondrule.pdf>
Package pdftex.def Info: diamondrule.pdf  used on input line 69.
(pdftex.def)             Requested size: 213.79822pt x 12.04495pt.
LaTeX Font Info:    Font shape `T1/phv/bx/n' in size <9> not available
(Font)              Font shape `T1/phv/b/n' tried instead on input line 69.
LaTeX Font Info:    Font shape `T1/phv/bx/sc' in size <9> not available
(Font)              Font shape `T1/phv/b/sc' tried instead on input line 69.
LaTeX Font Info:    Font shape `OT1/ptm/bx/n' in size <8> not available
(Font)              Font shape `OT1/ptm/b/n' tried instead on input line 69.
LaTeX Font Info:    Font shape `OT1/ptm/bx/n' in size <5> not available
(Font)              Font shape `OT1/ptm/b/n' tried instead on input line 69.
<vislogo.pdf, id=38, 21.80145pt x 11.92455pt>
File: vislogo.pdf Graphic file (type pdf)
<use vislogo.pdf>
Package pdftex.def Info: vislogo.pdf  used on input line 69.
(pdftex.def)             Requested size: 24.75375pt x 13.53969pt.

Underfull \hbox (badness 2229) in paragraph at lines 70--71
\T1/ptm/m/n/9 Heutige An-wen-dun-gen ha-ben im-mer hö-he-re An-sprü-che an die
 []


Underfull \hbox (badness 1314) in paragraph at lines 70--71
\T1/ptm/m/n/9 Leis-tung der En-gi-nes(?) und der Wunsch nach bes-se-rer Per-for-
 []


Underfull \hbox (badness 1708) in paragraph at lines 70--71
\T1/ptm/m/n/9 na-mens \T1/ptm/m/it/9 Oc-clu-si-on Cul-ling \T1/ptm/m/n/9 (\T1/ptm/m/it/9 to oc-clu-de = ver-de-cken, to 
cull =
 []


Underfull \hbox (badness 10000) in paragraph at lines 70--71

 []

<images/Ablauf.PNG, id=41, 502.87875pt x 45.92157pt>
File: images/Ablauf.PNG Graphic file (type png)
<use images/Ablauf.PNG>
Package pdftex.def Info: images/Ablauf.PNG  used on input line 75.
(pdftex.def)             Requested size: 251.31898pt x 22.94951pt.

Underfull \hbox (badness 10000) in paragraph at lines 80--81

 []


Underfull \vbox (badness 1024) has occurred while \output is active []

 [1{C:/Users/sellendk/AppData/Local/MiKTeX/2.9/pdftex/config/pdftex.map}


 <./images/Base1AABB.png> <./images/Base1Invert.png> <./diamondrule.pdf> <./vislogo.pdf> <./images/Ablauf.PNG>]
<images/AblaufFramework.png, id=67, 566.115pt x 83.5622pt>
File: images/AblaufFramework.png Graphic file (type png)
<use images/AblaufFramework.png>
Package pdftex.def Info: images/AblaufFramework.png  used on input line 88.
(pdftex.def)             Requested size: 251.31898pt x 37.09644pt.

Underfull \hbox (badness 10000) in paragraph at lines 94--96

 []

<images/Occluder.png, id=77, 1445.4pt x 903.375pt>
File: images/Occluder.png Graphic file (type png)
<use images/Occluder.png>
Package pdftex.def Info: images/Occluder.png  used on input line 104.
(pdftex.def)             Requested size: 125.65948pt x 78.52957pt.
<images/Occludees.png, id=78, 1445.4pt x 903.375pt>
File: images/Occludees.png Graphic file (type png)
<use images/Occludees.png>
Package pdftex.def Info: images/Occludees.png  used on input line 105.
(pdftex.def)             Requested size: 125.65948pt x 78.52957pt.

Underfull \hbox (badness 1253) in paragraph at lines 102--110
\T1/ptm/m/n/9 sie an-de-re Ob-jek-te ver-de-cken. Zum an-de-ren gibt es \T1/ptm/m/it/9 Oc-clu-de-es\T1/ptm/m/n/9 .
 []


Underfull \hbox (badness 1275) in paragraph at lines 102--110
\T1/ptm/m/n/9 wird. AABBs eig-nen sich we-gen ih-rer ein-fa-chen geo-me-tri-schen
 []


Underfull \hbox (badness 10000) in paragraph at lines 102--110

 []

<images/SOCAblauf3.png, id=84, 853.68938pt x 213.04594pt>
File: images/SOCAblauf3.png Graphic file (type png)
<use images/SOCAblauf3.png>
Package pdftex.def Info: images/SOCAblauf3.png  used on input line 113.
(pdftex.def)             Requested size: 251.31898pt x 62.71797pt.
LaTeX Font Info:    Font shape `T1/ptm/bx/n' in size <9> not available
(Font)              Font shape `T1/ptm/b/n' tried instead on input line 121.

Underfull \hbox (badness 1629) in paragraph at lines 120--122
\T1/ptm/m/n/9 Ver-lauf nicht wei-ter be-trach-tet. Die-ser Zwi-schen-schritt ist zwar
 []


Underfull \hbox (badness 10000) in paragraph at lines 120--122

 []


Overfull \vbox (2.10262pt too high) has occurred while \output is active []

 [2 <./images/AblaufFramework.png> <./images/Occluder.png> <./images/Occludees.png> <./images/SOCAblauf3.png>]
<images/Base1.png, id=97, 1445.4pt x 903.375pt>
File: images/Base1.png Graphic file (type png)
<use images/Base1.png>
Package pdftex.def Info: images/Base1.png  used on input line 127.
(pdftex.def)             Requested size: 125.65948pt x 78.52957pt.
<images/Base1DB.png, id=98, 1445.4pt x 903.375pt>
File: images/Base1DB.png Graphic file (type png)
<use images/Base1DB.png>
Package pdftex.def Info: images/Base1DB.png  used on input line 128.
(pdftex.def)             Requested size: 125.65948pt x 78.52957pt.
LaTeX Font Info:    Font shape `OT1/ptm/bx/n' in size <9> not available
(Font)              Font shape `OT1/ptm/b/n' tried instead on input line 142.
LaTeX Font Info:    Font shape `OT1/ptm/bx/n' in size <7> not available
(Font)              Font shape `OT1/ptm/b/n' tried instead on input line 142.
<images/Tour1.png, id=102, 1445.4pt x 903.375pt>
File: images/Tour1.png Graphic file (type png)
<use images/Tour1.png>
Package pdftex.def Info: images/Tour1.png  used on input line 144.
(pdftex.def)             Requested size: 82.93571pt x 51.82924pt.
<images/Tour2.png, id=103, 1445.4pt x 903.375pt>
File: images/Tour2.png Graphic file (type png)
<use images/Tour2.png>
Package pdftex.def Info: images/Tour2.png  used on input line 145.
(pdftex.def)             Requested size: 82.93571pt x 51.82924pt.
<images/Tour3.png, id=104, 1445.4pt x 903.375pt>
File: images/Tour3.png Graphic file (type png)
<use images/Tour3.png>
Package pdftex.def Info: images/Tour3.png  used on input line 146.
(pdftex.def)             Requested size: 82.93571pt x 51.82924pt.

Underfull \hbox (badness 10000) in paragraph at lines 142--151

 []


Underfull \hbox (badness 1527) in paragraph at lines 155--156
[]\T1/ptm/m/n/9 Zuerst wur-de die OGL-Methode auf den qua-li-ta-ti-ven Aspekt
 []


Underfull \hbox (badness 10000) in paragraph at lines 155--156

 []

<images/Evaluation_1_Results_Percentage culled.pdf, id=108, 289.08pt x 178.66502pt>
File: images/Evaluation_1_Results_Percentage culled.pdf Graphic file (type pdf)
<use images/Evaluation_1_Results_Percentage culled.pdf>
Package pdftex.def Info: images/Evaluation_1_Results_Percentage culled.pdf  used on input line 159.
(pdftex.def)             Requested size: 257.46187pt x 159.13132pt.
<images/Evaluation_4_Results_Percentage culled.pdf, id=109, 289.08pt x 178.66502pt>
File: images/Evaluation_4_Results_Percentage culled.pdf Graphic file (type pdf)
<use images/Evaluation_4_Results_Percentage culled.pdf>
Package pdftex.def Info: images/Evaluation_4_Results_Percentage culled.pdf  used on input line 160.
(pdftex.def)             Requested size: 257.46187pt x 159.13132pt.

Overfull \hbox (1.71002pt too wide) in paragraph at lines 159--161
[][] [] 
 []


Underfull \hbox (badness 10000) in paragraph at lines 185--187

 []


Overfull \vbox (2.10262pt too high) has occurred while \output is active []

 [3 <./images/Base1.png> <./images/Base1DB.png> <./images/Tour1.png> <./images/Tour2.png> <./images/Tour3.png>]
<images/Evaluation_7_Results_SSE_Draw Calls.pdf, id=121, 289.08pt x 178.66502pt>
File: images/Evaluation_7_Results_SSE_Draw Calls.pdf Graphic file (type pdf)
<use images/Evaluation_7_Results_SSE_Draw Calls.pdf>
Package pdftex.def Info: images/Evaluation_7_Results_SSE_Draw Calls.pdf  used on input line 190.
(pdftex.def)             Requested size: 205.96634pt x 127.2947pt.

Overfull \hbox (81.22787pt too wide) in paragraph at lines 204--205
 [][] 
 []

<images/Evaluation_7_Results_OGL_Draw Calls.pdf, id=122, 289.08pt x 178.66502pt>
File: images/Evaluation_7_Results_OGL_Draw Calls.pdf Graphic file (type pdf)
<use images/Evaluation_7_Results_OGL_Draw Calls.pdf>
Package pdftex.def Info: images/Evaluation_7_Results_OGL_Draw Calls.pdf  used on input line 208.
(pdftex.def)             Requested size: 205.96634pt x 127.2947pt.

Overfull \hbox (81.22787pt too wide) in paragraph at lines 222--223
 [][] 
 []


Underfull \hbox (badness 1490) in paragraph at lines 234--235
\T1/ptm/m/n/9 Per-for-manz im Ver-gleich mit an-de-ren SOC-Methoden im Intel-
 []


Underfull \hbox (badness 10000) in paragraph at lines 234--235

 []


Underfull \hbox (badness 1325) in paragraph at lines 236--237
\T1/ptm/m/n/9 sicht-bar sind. Ei-ne Aus-nah-me fin-det sich bei der 4k-Auflösung
 []


Underfull \hbox (badness 2096) in paragraph at lines 236--237
\T1/ptm/m/n/9 (3840x2160). Sie schnei-det, ent-ge-gen dem Trend der nied-ri-ger
 []


Underfull \hbox (badness 10000) in paragraph at lines 236--237

 []


Underfull \vbox (badness 2591) has occurred while \output is active []

<images/Evaluation_1_Results_FPS.pdf, id=126, 289.08pt x 178.66502pt>
File: images/Evaluation_1_Results_FPS.pdf Graphic file (type pdf)
<use images/Evaluation_1_Results_FPS.pdf>
Package pdftex.def Info: images/Evaluation_1_Results_FPS.pdf  used on input line 240.
(pdftex.def)             Requested size: 257.46187pt x 159.13132pt.
<images/Evaluation_4_Results_FPS.pdf, id=127, 289.08pt x 178.66502pt>
File: images/Evaluation_4_Results_FPS.pdf Graphic file (type pdf)
<use images/Evaluation_4_Results_FPS.pdf>
Package pdftex.def Info: images/Evaluation_4_Results_FPS.pdf  used on input line 241.
(pdftex.def)             Requested size: 257.46187pt x 159.13132pt.

Overfull \hbox (1.71002pt too wide) in paragraph at lines 240--242
[][] [] 
 []


Underfull \hbox (badness 10000) in paragraph at lines 262--263

 []


Underfull \hbox (badness 10000) in paragraph at lines 306--307

 []


Overfull \vbox (2.10262pt too high) has occurred while \output is active []

 [4 <./images/Evaluation_1_Results_Percentage culled.pdf> <./images/Evaluation_4_Results_Percentage culled.pdf

pdfTeX warning: pdflatex.exe (file ./images/Evaluation_4_Results_Percentage culled.pdf): PDF inclusion: multiple pdfs wi
th page group included in a single page
>]
Overfull \vbox (2.10262pt too high) has occurred while \output is active []

 [5 <./images/Evaluation_7_Results_SSE_Draw Calls.pdf> <./images/Evaluation_7_Results_OGL_Draw Calls.pdf

pdfTeX warning: pdflatex.exe (file ./images/Evaluation_7_Results_OGL_Draw Calls.pdf): PDF inclusion: multiple pdfs with 
page group included in a single page
> <./images/Evaluation_1_Results_FPS.pdf

pdfTeX warning: pdflatex.exe (file ./images/Evaluation_1_Results_FPS.pdf): PDF inclusion: multiple pdfs with page group 
included in a single page
> <./images/Evaluation_4_Results_FPS.pdf

pdfTeX warning: pdflatex.exe (file ./images/Evaluation_4_Results_FPS.pdf): PDF inclusion: multiple pdfs with page group 
included in a single page
>]
ngerman: "nn is now obsolete, please use nnn instead on input line 308.
ngerman: "rr is now obsolete, please use rrr instead on input line 308.
(Abschlusspaper.bbl
LaTeX Font Info:    Try loading font information for T1+pcr on input line 7.
 ("C:\Program Files\MiKTeX 2.9\tex\latex\psnfss\t1pcr.fd"
File: t1pcr.fd 2001/06/04 font definitions for T1/pcr.
)
Underfull \hbox (badness 10000) in paragraph at lines 4--9
\T1/pcr/m/n/8 com / en-[]us / articles / software-[]occlusion-[]culling$[]\T1/ptm/m/n/8 ,
 []

)
Package atveryend Info: Empty hook `BeforeClearDocument' on input line 314.

Overfull \vbox (2.10262pt too high) has occurred while \output is active []

 [6

]
Package atveryend Info: Empty hook `AfterLastShipout' on input line 314.
 (Abschlusspaper.aux)
Package atveryend Info: Executing hook `AtVeryEndDocument' on input line 314.
Package atveryend Info: Executing hook `AtEndAfterFileList' on input line 314.
Package rerunfilecheck Info: File `Abschlusspaper.out' has not changed.
(rerunfilecheck)             Checksum: 6CCA1E21BC312CDA711E62E457F5EA50;452.
Package atveryend Info: Empty hook `AtVeryVeryEnd' on input line 314.
 ) 
Here is how much of TeX's memory you used:
 6008 strings out of 492970
 89873 string characters out of 3135845
 195450 words of memory out of 3000000
 9744 multiletter control sequences out of 15000+200000
 67751 words of font info for 91 fonts, out of 3000000 for 9000
 1141 hyphenation exceptions out of 8191
 36i,10n,29p,2153b,376s stack positions out of 5000i,500n,10000p,200000b,50000s
{C:/Program Files/MiKTeX 2.9/fonts/enc/dvips/base/8r.enc}<C:/Program Files/MiKTeX 2.9/fonts/type1/public/amsfonts/cm/c
msy10.pfb><C:/Program Files/MiKTeX 2.9/fonts/type1/urw/courier/ucrr8a.pfb><C:/Program Files/MiKTeX 2.9/fonts/type1/urw/h
elvetic/uhvb8a.pfb><C:/Program Files/MiKTeX 2.9/fonts/type1/urw/helvetic/uhvr8a.pfb><C:/Program Files/MiKTeX 2.9/fonts/t
ype1/urw/times/utmb8a.pfb><C:/Program Files/MiKTeX 2.9/fonts/type1/urw/times/utmr8a.pfb><C:/Program Files/MiKTeX 2.9/fon
ts/type1/urw/times/utmri8a.pfb>
Output written on Abschlusspaper.pdf (6 pages, 28564160 bytes).
PDF statistics:
 391 PDF objects out of 1000 (max. 8388607)
 33 named destinations out of 1000 (max. 500000)
 165 words of extra memory for PDF output out of 10000 (max. 10000000)

